nohup: ignoring input

%%%%%%%%%%%%%%%%%%%%%%%
Processing 200_dims.csv
%%%%%%%%%%%%%%%%%%%%%%%

Algo: DCKM
Convergence at iteration: 8
Total DCKmeans time: 38684 milliseconds
Total BallKmeans time: 103398 milliseconds

%%%%%%%%%%%%%%%%%%%%%%%
Processing 300_dims.csv
%%%%%%%%%%%%%%%%%%%%%%%

Algo: DCKM
Convergence at iteration: 7
Total DCKmeans time: 51367 milliseconds
Total BallKmeans time: 110719 milliseconds

%%%%%%%%%%%%%%%%%%%%%%%
Processing 400_dims.csv
%%%%%%%%%%%%%%%%%%%%%%%

Algo: DCKM
Convergence at iteration: 19
Total DCKmeans time: 184184 milliseconds
Total BallKmeans time: 444233 milliseconds

%%%%%%%%%%%%%%%%%%%%%%%
Processing 500_dims.csv
%%%%%%%%%%%%%%%%%%%%%%%

Algo: DCKM
Convergence at iteration: 9
Total DCKmeans time: 106454 milliseconds
Total BallKmeans time: 174313 milliseconds

%%%%%%%%%%%%%%%%%%%%%%%
Processing 600_dims.csv
%%%%%%%%%%%%%%%%%%%%%%%

Algo: DCKM
Convergence at iteration: 10
Total DCKmeans time: 144103 milliseconds
Total BallKmeans time: 273160 milliseconds
Completed Dimensionality Benchmarks
