nohup: ignoring input

%%%%%%%%%%%%%%%%%%%%%%%
Processing 200_dims.csv
%%%%%%%%%%%%%%%%%%%%%%%

Algo: DCKM
Convergence at iteration: 8
Total DCKmeans time: 37405 milliseconds
Total BallKmeans time: 84670 milliseconds

%%%%%%%%%%%%%%%%%%%%%%%
Processing 300_dims.csv
%%%%%%%%%%%%%%%%%%%%%%%

Algo: DCKM
Convergence at iteration: 7
Total DCKmeans time: 49413 milliseconds
Total BallKmeans time: 97531 milliseconds

%%%%%%%%%%%%%%%%%%%%%%%
Processing 400_dims.csv
%%%%%%%%%%%%%%%%%%%%%%%

Algo: DCKM
Convergence at iteration: 19
Total DCKmeans time: 177259 milliseconds
Total BallKmeans time: 435194 milliseconds

%%%%%%%%%%%%%%%%%%%%%%%
Processing 500_dims.csv
%%%%%%%%%%%%%%%%%%%%%%%

Algo: DCKM
