nohup: ignoring input

%%%%%%%%%%%%%%%%%%%%%%%
Processing magic.csv
%%%%%%%%%%%%%%%%%%%%%%%

/u/parishar/scratch/DATASETS/real_data/experiment_data/comma_seperated_files/magic.csv


Data prop: 0.2

3804
Algo: KMeans
Convergence at iteration: 26
Algo: DCKM
Convergence at iteration: 26
Algo: DCKM
Data: magic.csv Prop: 0.2	 Clusters:5	 calc: 494520 20014 277946 63 45 246


Data prop: 0.4

7608
Algo: KMeans
Convergence at iteration: 24
Algo: DCKM
Convergence at iteration: 24
Algo: DCKM
Data: magic.csv Prop: 0.4	 Clusters:5	 calc: 912960 45172 588793 117 89 669


Data prop: 0.6

11412
Algo: KMeans
Convergence at iteration: 52
Algo: DCKM
Convergence at iteration: 52
Algo: DCKM
Data: magic.csv Prop: 0.6	 Clusters:5	 calc: 2967120 73105 2043571 383 304 2395


Data prop: 0.8

15216
Algo: KMeans
Convergence at iteration: 21
Algo: DCKM
Convergence at iteration: 21
Algo: DCKM
Data: magic.csv Prop: 0.8	 Clusters:5	 calc: 1597680 87751 961768 205 150 1475


Data prop: 1

19019
Algo: KMeans
Convergence at iteration: 17
Algo: DCKM
Convergence at iteration: 17
Algo: DCKM
Data: magic.csv Prop: 1	 Clusters:5	 calc: 1616615 109768 993768 207 153 2453

%%%%%%%%%%%%%%%%%%%%%%%
Processing spambase.csv
%%%%%%%%%%%%%%%%%%%%%%%

/u/parishar/scratch/DATASETS/real_data/experiment_data/comma_seperated_files/spambase.csv


Data prop: 0.2

920
Algo: KMeans
Convergence at iteration: 27
Algo: DCKM
Convergence at iteration: 27
Algo: DCKM
Data: spambase.csv Prop: 0.2	 Clusters:5	 calc: 124200 6929 41437 62 31 133


Data prop: 0.4

1840
Algo: KMeans
Convergence at iteration: 14
Algo: DCKM
Convergence at iteration: 14
Algo: DCKM
Data: spambase.csv Prop: 0.4	 Clusters:5	 calc: 128800 10375 43342 63 28 139


Data prop: 0.6

2760
Algo: KMeans
Convergence at iteration: 36
Algo: DCKM
Convergence at iteration: 36
Algo: DCKM
Data: spambase.csv Prop: 0.6	 Clusters:5	 calc: 496800 17932 152232 243 116 520


Data prop: 0.8

3680
Algo: KMeans
Convergence at iteration: 33
Algo: DCKM
Convergence at iteration: 33
Algo: DCKM
Data: spambase.csv Prop: 0.8	 Clusters:5	 calc: 607200 30215 216934 296 157 702


Data prop: 1

4600
Algo: KMeans
Convergence at iteration: 35
Algo: DCKM
Convergence at iteration: 35
Algo: DCKM
Data: spambase.csv Prop: 1	 Clusters:5	 calc: 805000 33684 268406 394 199 918

%%%%%%%%%%%%%%%%%%%%%%%
Processing crop.csv
%%%%%%%%%%%%%%%%%%%%%%%

/u/parishar/scratch/DATASETS/real_data/experiment_data/comma_seperated_files/crop.csv


Data prop: 0.2

64219
Algo: KMeans
Convergence at iteration: 9
Algo: DCKM
Convergence at iteration: 9
Algo: DCKM
Data: crop.csv Prop: 0.2	 Clusters:5	 calc: 2889855 339975 2629629 374 318 10826


Data prop: 0.4

128438
Algo: KMeans
Convergence at iteration: 16
Algo: DCKM
Convergence at iteration: 16
Algo: DCKM
Data: crop.csv Prop: 0.4	 Clusters:5	 calc: 10275040 666271 7958587 1324 1086 21842


Data prop: 0.6

192656
Algo: KMeans
Convergence at iteration: 29
Algo: DCKM
Convergence at iteration: 29
Algo: DCKM
Data: crop.csv Prop: 0.6	 Clusters:5	 calc: 27935120 1025403 25965689 3604 3114 67588


Data prop: 0.8

256875
Algo: KMeans
Convergence at iteration: 25
Algo: DCKM
Convergence at iteration: 25
Algo: DCKM
Data: crop.csv Prop: 0.8	 Clusters:5	 calc: 32109375 1401260 30638430 4171 3605 149524


Data prop: 1

321093
Algo: KMeans
Convergence at iteration: 23
Algo: DCKM
Convergence at iteration: 23
Algo: DCKM
Data: crop.csv Prop: 1	 Clusters:5	 calc: 36925695 1778785 26686997 4739 3529 236134

%%%%%%%%%%%%%%%%%%%%%%%
Processing Twitter.csv
%%%%%%%%%%%%%%%%%%%%%%%

/u/parishar/scratch/DATASETS/real_data/experiment_data/comma_seperated_files/Twitter.csv


Data prop: 0.2

116650
Algo: KMeans
Convergence at iteration: 62
Algo: DCKM
Convergence at iteration: 62
Algo: DCKM
Data: Twitter.csv Prop: 0.2	 Clusters:5	 calc: 36161500 1011222 11276909 23454 12117 142178


Data prop: 0.4

233300
Algo: KMeans
Convergence at iteration: 68
Algo: DCKM
Convergence at iteration: 68
Algo: DCKM
Data: Twitter.csv Prop: 0.4	 Clusters:5	 calc: 79322000 1726194 23212454 51672 26288 375562


Data prop: 0.6

349950
Algo: KMeans
Convergence at iteration: 70
Algo: DCKM
Convergence at iteration: 70
Algo: DCKM
Ball-Kmeans Timed Out :(
Data: Twitter.csv Prop: 0.6	 Clusters:5	 calc: 122482500 2492359 34963370 80737 39689 601633


Data prop: 0.8

466600
Algo: KMeans
Convergence at iteration: 79
Algo: DCKM
Convergence at iteration: 79
Algo: DCKM
Ball-Kmeans Timed Out :(
Data: Twitter.csv Prop: 0.8	 Clusters:5	 calc: 184307000 4377933 7660003 120431 60903 660816


Data prop: 1

583250
Algo: KMeans
Convergence at iteration: 85
Algo: DCKM
Convergence at iteration: 85
Algo: DCKM
Ball-Kmeans Timed Out :(
Data: Twitter.csv Prop: 1	 Clusters:5	 calc: 247881250 3909897 8273133 162171 76976 603939

%%%%%%%%%%%%%%%%%%%%%%%
Processing birch.csv
%%%%%%%%%%%%%%%%%%%%%%%

/u/parishar/scratch/DATASETS/real_data/experiment_data/comma_seperated_files/birch.csv


Data prop: 0.2

20000
Algo: KMeans
Convergence at iteration: 21
Algo: DCKM
Convergence at iteration: 21
Algo: DCKM
Data: birch.csv Prop: 0.2	 Clusters:5	 calc: 2100000 108336 937057 142 65 1727


Data prop: 0.4

40000
Algo: KMeans
Convergence at iteration: 11
Algo: DCKM
Convergence at iteration: 11
Algo: DCKM
Data: birch.csv Prop: 0.4	 Clusters:5	 calc: 2200000 209945 973040 152 65 3018


Data prop: 0.6

60001
Algo: KMeans
Convergence at iteration: 24
Algo: DCKM
Convergence at iteration: 24
Algo: DCKM
Data: birch.csv Prop: 0.6	 Clusters:5	 calc: 7200120 333320 3025375 493 209 12441


Data prop: 0.8

80000
Algo: KMeans
Convergence at iteration: 35
Algo: DCKM
Convergence at iteration: 35
Algo: DCKM
Data: birch.csv Prop: 0.8	 Clusters:5	 calc: 14000000 466891 6009629 964 403 33647


Data prop: 1

100000
Algo: KMeans
Convergence at iteration: 39
Algo: DCKM
Convergence at iteration: 39
Algo: DCKM
Data: birch.csv Prop: 1	 Clusters:5	 calc: 19500000 561435 8095971 1348 551 36176
Completed Doubling Experiments
