nohup: ignoring input

%%%%%%%%%%%%%%%%%%%%%%%
Processing Breastcancer.csv
%%%%%%%%%%%%%%%%%%%%%%%

Breastcancer.csv 569
Convergence at iteration: 3
Kmeans time: 2 milliseconds
Algo: DCKM
Convergence at iteration: 3
Total DCKmeans time: 1 milliseconds
Total BallKmeans time: 5 milliseconds
Convergence at iteration: 2
Kmeans time: 2 milliseconds
Algo: DCKM
Convergence at iteration: 2
Total DCKmeans time: 1 milliseconds
Total BallKmeans time: 3 milliseconds
Convergence at iteration: 3
Kmeans time: 4 milliseconds
Algo: DCKM
Convergence at iteration: 3
Total DCKmeans time: 2 milliseconds
Total BallKmeans time: 6 milliseconds
Convergence at iteration: 3
Kmeans time: 4 milliseconds
Algo: DCKM
Convergence at iteration: 3
Total DCKmeans time: 2 milliseconds
Total BallKmeans time: 6 milliseconds
Convergence at iteration: 2
Kmeans time: 6 milliseconds
Algo: DCKM
Convergence at iteration: 2
Total DCKmeans time: 3 milliseconds
Total BallKmeans time: 7 milliseconds

%%%%%%%%%%%%%%%%%%%%%%%
Processing CustomerSaleRecords.csv
%%%%%%%%%%%%%%%%%%%%%%%

CustomerSaleRecords.csv 440
Convergence at iteration: 10
Kmeans time: 2 milliseconds
Algo: DCKM
Convergence at iteration: 10
Total DCKmeans time: 1 milliseconds
Total BallKmeans time: 9 milliseconds
Convergence at iteration: 6
Kmeans time: 1 milliseconds
Algo: DCKM
Convergence at iteration: 6
Total DCKmeans time: 1 milliseconds
Total BallKmeans time: 6 milliseconds
Convergence at iteration: 9
Kmeans time: 3 milliseconds
Algo: DCKM
Convergence at iteration: 9
Total DCKmeans time: 2 milliseconds
Total BallKmeans time: 11 milliseconds
Convergence at iteration: 19
Kmeans time: 8 milliseconds
Algo: DCKM
Convergence at iteration: 19
Total DCKmeans time: 5 milliseconds
Total BallKmeans time: 26 milliseconds
Convergence at iteration: 9
Kmeans time: 7 milliseconds
Algo: DCKM
Convergence at iteration: 9
Total DCKmeans time: 3 milliseconds
Total BallKmeans time: 19 milliseconds

%%%%%%%%%%%%%%%%%%%%%%%
Processing CreditRisk.csv
%%%%%%%%%%%%%%%%%%%%%%%

CreditRisk.csv 1000
Convergence at iteration: 7
Kmeans time: 7 milliseconds
Algo: DCKM
Convergence at iteration: 7
Total DCKmeans time: 3 milliseconds
Total BallKmeans time: 17 milliseconds
Convergence at iteration: 4
Kmeans time: 5 milliseconds
Algo: DCKM
Convergence at iteration: 4
Total DCKmeans time: 2 milliseconds
Total BallKmeans time: 9 milliseconds
Convergence at iteration: 5
Kmeans time: 8 milliseconds
Algo: DCKM
Convergence at iteration: 5
Total DCKmeans time: 3 milliseconds
Total BallKmeans time: 13 milliseconds
Convergence at iteration: 4
Kmeans time: 8 milliseconds
Algo: DCKM
Convergence at iteration: 4
Total DCKmeans time: 3 milliseconds
Total BallKmeans time: 11 milliseconds
Convergence at iteration: 4
Kmeans time: 15 milliseconds
Algo: DCKM
Convergence at iteration: 4
Total DCKmeans time: 5 milliseconds
Total BallKmeans time: 13 milliseconds

%%%%%%%%%%%%%%%%%%%%%%%
Processing magic.csv
%%%%%%%%%%%%%%%%%%%%%%%

magic.csv 19020
Convergence at iteration: 15
Kmeans time: 174 milliseconds
Algo: DCKM
Convergence at iteration: 15
Total DCKmeans time: 132 milliseconds
Total BallKmeans time: 1771 milliseconds
Convergence at iteration: 25
Kmeans time: 462 milliseconds
Algo: DCKM
Convergence at iteration: 25
Total DCKmeans time: 358 milliseconds
Total BallKmeans time: 1365 milliseconds
Convergence at iteration: 85
Kmeans time: 1759 milliseconds
Algo: DCKM
Convergence at iteration: 85
Total DCKmeans time: 1302 milliseconds
Total BallKmeans time: 4569 milliseconds
Convergence at iteration: 75
Kmeans time: 2104 milliseconds
Algo: DCKM
Convergence at iteration: 75
Total DCKmeans time: 1711 milliseconds
Total BallKmeans time: 5109 milliseconds
Convergence at iteration: 114
Kmeans time: 6394 milliseconds
Algo: DCKM
Convergence at iteration: 114
Total DCKmeans time: 5013 milliseconds
Total BallKmeans time: 6382 milliseconds

%%%%%%%%%%%%%%%%%%%%%%%
Processing spambase.csv
%%%%%%%%%%%%%%%%%%%%%%%

spambase.csv 4600
Convergence at iteration: 17
Kmeans time: 186 milliseconds
Algo: DCKM
Convergence at iteration: 17
Total DCKmeans time: 78 milliseconds
Total BallKmeans time: 351 milliseconds
Convergence at iteration: 21
Kmeans time: 332 milliseconds
Algo: DCKM
Convergence at iteration: 21
Total DCKmeans time: 105 milliseconds
Total BallKmeans time: 427 milliseconds
Convergence at iteration: 21
Kmeans time: 399 milliseconds
Algo: DCKM
Convergence at iteration: 21
Total DCKmeans time: 115 milliseconds
Total BallKmeans time: 442 milliseconds
Convergence at iteration: 21
Kmeans time: 466 milliseconds
Algo: DCKM
Convergence at iteration: 21
Total DCKmeans time: 115 milliseconds
Total BallKmeans time: 452 milliseconds
Convergence at iteration: 15
Kmeans time: 648 milliseconds
Algo: DCKM
Convergence at iteration: 15
Total DCKmeans time: 128 milliseconds
Total BallKmeans time: 303 milliseconds

%%%%%%%%%%%%%%%%%%%%%%%
Processing crop.csv
%%%%%%%%%%%%%%%%%%%%%%%

crop.csv 321093
Convergence at iteration: 15
Kmeans time: 3237 milliseconds
Algo: DCKM
Convergence at iteration: 15
Total DCKmeans time: 2998 milliseconds
Total BallKmeans time: 43340 milliseconds
Convergence at iteration: 14
Kmeans time: 3946 milliseconds
Algo: DCKM
Convergence at iteration: 14
Total DCKmeans time: 3511 milliseconds
Total BallKmeans time: 217871 milliseconds
Convergence at iteration: 20
Kmeans time: 8469 milliseconds
Algo: DCKM
Convergence at iteration: 20
Total DCKmeans time: 7383 milliseconds
Total BallKmeans time: 170219 milliseconds
Convergence at iteration: 23
Kmeans time: 11088 milliseconds
Algo: DCKM
Convergence at iteration: 23
Total DCKmeans time: 10111 milliseconds
Total BallKmeans time: 104779 milliseconds
Convergence at iteration: 36
Kmeans time: 29094 milliseconds
Algo: DCKM
Convergence at iteration: 36
Total DCKmeans time: 36816 milliseconds
Total BallKmeans time: 120687 milliseconds

%%%%%%%%%%%%%%%%%%%%%%%
Processing Twitter.csv
%%%%%%%%%%%%%%%%%%%%%%%

Twitter.csv 583249
Convergence at iteration: 45
Kmeans time: 99364 milliseconds
Algo: DCKM
Convergence at iteration: 45
Total DCKmeans time: 43105 milliseconds
Total BallKmeans time: 266953 milliseconds
Convergence at iteration: 46
Kmeans time: 143421 milliseconds
Algo: DCKM
Convergence at iteration: 46
Total DCKmeans time: 51570 milliseconds
Total BallKmeans time: 385284 milliseconds
Convergence at iteration: 79
Kmeans time: 291938 milliseconds
Algo: DCKM
Convergence at iteration: 79
Total DCKmeans time: 92384 milliseconds
Total BallKmeans time: 553988 milliseconds
Convergence at iteration: 268
Kmeans time: 1.15706e+06 milliseconds
Algo: DCKM
Convergence at iteration: 268
Total DCKmeans time: 352125 milliseconds
Ball-Kmeans Timed Out :(
Total BallKmeans time: 1.80151e+06 milliseconds
Convergence at iteration: 155
Kmeans time: 1.31331e+06 milliseconds
Algo: DCKM
Convergence at iteration: 155
Total DCKmeans time: 312952 milliseconds
Total BallKmeans time: 1.13706e+06 milliseconds

%%%%%%%%%%%%%%%%%%%%%%%
Processing birch.csv
%%%%%%%%%%%%%%%%%%%%%%%

birch.csv 100000
Convergence at iteration: 19
Kmeans time: 568 milliseconds
Algo: DCKM
Convergence at iteration: 19
Total DCKmeans time: 250 milliseconds
Total BallKmeans time: 35145 milliseconds
Convergence at iteration: 22
Kmeans time: 1079 milliseconds
Algo: DCKM
Convergence at iteration: 22
Total DCKmeans time: 505 milliseconds
Total BallKmeans time: 5769 milliseconds
Convergence at iteration: 37
Kmeans time: 2077 milliseconds
Algo: DCKM
Convergence at iteration: 37
Total DCKmeans time: 650 milliseconds
Total BallKmeans time: 6977 milliseconds
Convergence at iteration: 34
Kmeans time: 2162 milliseconds
Algo: DCKM
Convergence at iteration: 34
Total DCKmeans time: 720 milliseconds
Total BallKmeans time: 6186 milliseconds
Convergence at iteration: 28
Kmeans time: 2973 milliseconds
Algo: DCKM
Convergence at iteration: 28
Total DCKmeans time: 466 milliseconds
Total BallKmeans time: 5257 milliseconds
Completed benchmarks
